<?xml version="1.0" encoding="UTF-8"?>
<!-- Generated by org.testng.reporters.JUnitReportReporter -->
<testsuite hostname="LAPTOP-N1ASVGNK" failures="0" tests="2" name="runner.TestRunner" time="57.120" errors="0" timestamp="2022-08-02T21:03:05 IST" skipped="0">
  <testcase classname="runner.TestRunner" name="runScenario" time="25.094"/>
  <system-out/>
  <testcase classname="runner.TestRunner" name="runScenario" time="32.026"/>
  <system-out/>
</testsuite> <!-- runner.TestRunner -->
